<?xml version="1.0" encoding="UTF-8"?>
<testsuite failures="0" errors="0" skipped="2" tests="2" time="0.000351" name="UI Elements">
<testcase classname="UI Elements" name="Header section should have all it elements" time="0.000236">
  <skipped/>
  <system-out>
    <![CDATA[]]>
  </system-out>
  <system-err>
    <![CDATA[]]>
  </system-err>
</testcase>
<testcase classname="UI Elements" name="Become a freelancer functionality" time="0.000115">
  <skipped/>
  <system-out>
    <![CDATA[]]>
  </system-out>
  <system-err>
    <![CDATA[]]>
  </system-err>
</testcase>
</testsuite>
