<?xml version="1.0" encoding="UTF-8"?>
<testsuite failures="0" errors="0" skipped="1" tests="1" time="0.000387" name="Became a Freelancer">
<testcase classname="Became a Freelancer" name="Register new freelancer" time="0.000387">
  <skipped/>
  <system-out>
    <![CDATA[]]>
  </system-out>
  <system-err>
    <![CDATA[]]>
  </system-err>
</testcase>
</testsuite>
